<?xml version="1.0" encoding="UTF-8"?>
<!-- Generated by org.testng.reporters.JUnitXMLReporter -->
<testsuite ignored="0" hostname="LAPTOP-HF93BKE2" failures="1" tests="1" name="Test2" time="18.445" errors="0" timestamp="2022-08-17T18:55:41 IST">
  <testcase classname="Test_NG.TestNG_multibrowserTesting" name="TC" time="18.403">
    <failure type="org.openqa.selenium.SessionNotCreatedException" message="Could not start a new session. Possible causes are invalid address of the remote server or browser start-up failure.">
      <![CDATA[org.openqa.selenium.SessionNotCreatedException: Could not start a new session. Possible causes are invalid address of the remote server or browser start-up failure.
at org.openqa.selenium.remote.RemoteWebDriver.execute(RemoteWebDriver.java:606)
at org.openqa.selenium.remote.RemoteWebDriver.startSession(RemoteWebDriver.java:283)
at org.openqa.selenium.remote.RemoteWebDriver.<init>(RemoteWebDriver.java:184)
at org.openqa.selenium.opera.OperaDriver.<init>(OperaDriver.java:134)
at org.openqa.selenium.opera.OperaDriver.<init>(OperaDriver.java:121)
at org.openqa.selenium.opera.OperaDriver.<init>(OperaDriver.java:76)
at Test_NG.TestNG_multibrowserTesting.TC(TestNG_multibrowserTesting.java:36)
at java.base/java.util.ArrayList.forEach(ArrayList.java:1541)
at java.base/java.util.concurrent.FutureTask.run(FutureTask.java:264)
at java.base/java.util.concurrent.ThreadPoolExecutor.runWorker(ThreadPoolExecutor.java:1128)
at java.base/java.util.concurrent.ThreadPoolExecutor$Worker.run(ThreadPoolExecutor.java:628)
at java.base/java.lang.Thread.run(Thread.java:834)
Caused by: org.openqa.selenium.WebDriverException: Driver server process died prematurely.
Build info: version: '4.2.2', revision: '683ccb65d6'
System info: host: 'LAPTOP-HF93BKE2', ip: '192.168.43.226', os.name: 'Windows 11', os.arch: 'amd64', os.version: '10.0', java.version: '11.0.15'
Driver info: driver.version: OperaDriver
at org.openqa.selenium.remote.service.DriverService.start(DriverService.java:226)
at org.openqa.selenium.remote.service.DriverCommandExecutor.execute(DriverCommandExecutor.java:98)
at org.openqa.selenium.remote.RemoteWebDriver.execute(RemoteWebDriver.java:588)
... 29 more
... Removed 18 stack frames]]>
    </failure>
  </testcase> <!-- TC -->
</testsuite> <!-- Test2 -->
